INFO:src.scheduler:Scheduled jobs configured:
INFO:src.scheduler:Maintenance scheduler started
 * Serving Flask app 'main'
INFO:src.scheduler:- Daily maintenance check: 09:00
INFO:src.scheduler:- Weekly summary: Monday 08:00
INFO:src.scheduler:- Monthly report: 1st of each month
INFO:src.scheduler:- Overdue check: Every 6 hours
 * Debug mode: on
INFO:werkzeug:[31m[1mWARNING: This is a development server. Do not use it in a production deployment. Use a production WSGI server instead.[0m
 * Running on all addresses (0.0.0.0)
 * Running on http://127.0.0.1:5000
 * Running on http://169.254.0.21:5000
INFO:werkzeug:[33mPress CTRL+C to quit[0m
INFO:werkzeug: * Restarting with stat
INFO:src.scheduler:Scheduled jobs configured:
INFO:src.scheduler:Maintenance scheduler started
INFO:src.scheduler:- Daily maintenance check: 09:00
INFO:src.scheduler:- Weekly summary: Monday 08:00
INFO:src.scheduler:- Monthly report: 1st of each month
INFO:src.scheduler:- Overdue check: Every 6 hours
WARNING:werkzeug: * Debugger is active!
INFO:werkzeug: * Debugger PIN: 107-838-607
